<?xml version="1.0" encoding="UTF-8"?>
<testng-results ignored="0" total="1" passed="1" failed="0" skipped="0">
  <reporter-output>
  </reporter-output>
  <suite started-at="2022-03-24T22:24:26 IST" name="Default suite" finished-at="2022-03-24T22:25:15 IST" duration-ms="48425">
    <groups>
    </groups>
    <test started-at="2022-03-24T22:24:26 IST" name="Default test" finished-at="2022-03-24T22:25:15 IST" duration-ms="48425">
      <class name="com.qa.automation.test.loginTest">
        <test-method is-config="true" signature="setup()[pri:0, instance:com.qa.automation.test.loginTest@bae7dc0]" started-at="2022-03-24T22:24:26 IST" name="setup" finished-at="2022-03-24T22:24:43 IST" duration-ms="16551" status="PASS">
          <reporter-output>
          </reporter-output>
        </test-method> <!-- setup -->
        <test-method is-config="true" signature="initialsetup_registrationClass_Test()[pri:0, instance:com.qa.automation.test.loginTest@bae7dc0]" started-at="2022-03-24T22:24:43 IST" name="initialsetup_registrationClass_Test" finished-at="2022-03-24T22:24:46 IST" duration-ms="3618" status="PASS">
          <reporter-output>
          </reporter-output>
        </test-method> <!-- initialsetup_registrationClass_Test -->
        <test-method signature="logindoEnter()[pri:0, instance:com.qa.automation.test.loginTest@bae7dc0]" started-at="2022-03-24T22:24:46 IST" name="logindoEnter" finished-at="2022-03-24T22:25:14 IST" duration-ms="27765" status="PASS">
          <reporter-output>
          </reporter-output>
        </test-method> <!-- logindoEnter -->
        <test-method is-config="true" signature="tearDown()[pri:0, instance:com.qa.automation.test.loginTest@bae7dc0]" started-at="2022-03-24T22:25:14 IST" name="tearDown" finished-at="2022-03-24T22:25:15 IST" duration-ms="376" status="PASS">
          <reporter-output>
          </reporter-output>
        </test-method> <!-- tearDown -->
      </class> <!-- com.qa.automation.test.loginTest -->
    </test> <!-- Default test -->
  </suite> <!-- Default suite -->
</testng-results>
